<?xml version="1.0" encoding="UTF-8"?>
<!-- Generated by org.testng.reporters.JUnitXMLReporter -->
<testsuite ignored="0" hostname="Desktop-Gaston" failures="2" tests="2" name="Test3" time="7.301" errors="0" timestamp="2021-07-14T16:51:32 UYT">
  <testcase classname="Academy.validateTitle" name="basepageNavigation" time="0.022">
    <failure type="java.lang.AssertionError" message="expected [Featured Courses222] but found [Featured Courses]">
      <![CDATA[java.lang.AssertionError: expected [Featured Courses222] but found [Featured Courses]
at Academy.validateTitle.basepageNavigation(validateTitle.java:29)
at java.base/java.util.ArrayList.forEach(ArrayList.java:1511)
... Removed 33 stack frames]]>
    </failure>
  </testcase> <!-- basepageNavigation -->
  <testcase classname="Academy.validateTitle" name="basepageNavigation" time="0.027">
    <failure type="java.lang.NullPointerException" message="Cannot invoke &amp;quot;org.openqa.selenium.TakesScreenshot.getScreenshotAs(org.openqa.selenium.OutputType)&amp;quot; because &amp;quot;ts&amp;quot; is null">
      <![CDATA[java.lang.NullPointerException: Cannot invoke "org.openqa.selenium.TakesScreenshot.getScreenshotAs(org.openqa.selenium.OutputType)" because "ts" is null
at resources.base.getScreenShotPath(base.java:51)
at Academy.Listeners.onTestFailure(Listeners.java:40)
at java.base/java.util.ArrayList.forEach(ArrayList.java:1511)
... Removed 24 stack frames]]>
    </failure>
  </testcase> <!-- basepageNavigation -->
</testsuite> <!-- Test3 -->
