<?xml version="1.0" encoding="UTF-8"?>
<!-- Generated by org.testng.reporters.JUnitXMLReporter -->
<testsuite ignored="0" hostname="Desktop-Gaston" failures="1" tests="1" name="Validating title in page" time="17.268" errors="0" timestamp="2021-07-15T18:03:46 UYT">
  <testcase classname="Academy.validateTitle" name="titleNavigation" time="0.034">
    <failure type="java.lang.AssertionError" message="expected [Featured Courses222] but found [Featured Courses]">
      <![CDATA[java.lang.AssertionError: expected [Featured Courses222] but found [Featured Courses]
at Academy.validateTitle.titleNavigation(validateTitle.java:32)
at java.base/java.util.ArrayList.forEach(ArrayList.java:1511)
at java.base/java.util.concurrent.FutureTask.run(FutureTask.java:264)
at java.base/java.util.concurrent.ThreadPoolExecutor.runWorker(ThreadPoolExecutor.java:1130)
at java.base/java.util.concurrent.ThreadPoolExecutor$Worker.run(ThreadPoolExecutor.java:630)
at java.base/java.lang.Thread.run(Thread.java:832)
... Removed 24 stack frames]]>
    </failure>
  </testcase> <!-- titleNavigation -->
</testsuite> <!-- Validating title in page -->
