<?xml version="1.0" encoding="UTF-8"?>
<!-- Generated by org.testng.reporters.JUnitXMLReporter -->
<testsuite hostname="Desktop-Gaston" name="Validating title in page" tests="2" failures="1" timestamp="16 Jul 2021 16:39:50 GMT" time="11.769" errors="0">
  <testcase name="headerNavigation" time="0.034" classname="Academy.validateTitle"/>
  <testcase name="titleNavigation" time="0.029" classname="Academy.validateTitle">
    <failure type="java.lang.AssertionError" message="expected [Featured Courses222] but found [Featured Courses]">
      <![CDATA[java.lang.AssertionError: expected [Featured Courses222] but found [Featured Courses]
	at Academy.validateTitle.titleNavigation(validateTitle.java:34)
	at java.util.concurrent.FutureTask.run(Unknown Source)
	at java.util.concurrent.ThreadPoolExecutor.runWorker(Unknown Source)
	at java.util.concurrent.ThreadPoolExecutor$Worker.run(Unknown Source)
	at java.lang.Thread.run(Unknown Source)
... Removed 21 stack frames]]>
    </failure>
  </testcase> <!-- titleNavigation -->
</testsuite> <!-- Validating title in page -->
