<?xml version="1.0" encoding="UTF-8"?>
<testng-results skipped="0" failed="1" total="4" passed="3">
  <reporter-output>
  </reporter-output>
  <suite name="Suite" duration-ms="17522" started-at="2021-07-16T16:39:39Z" finished-at="2021-07-16T16:39:56Z">
    <groups>
    </groups>
    <test name="Validating Nav Bar" duration-ms="11516" started-at="2021-07-16T16:39:39Z" finished-at="2021-07-16T16:39:50Z">
      <class name="Academy.validateNavBar">
        <test-method status="PASS" signature="initialize()[pri:0, instance:Academy.validateNavBar@44d52de2]" name="initialize" is-config="true" duration-ms="11351" started-at="2021-07-16T13:39:39Z" finished-at="2021-07-16T13:39:50Z">
          <reporter-output>
          </reporter-output>
        </test-method> <!-- initialize -->
        <test-method status="PASS" signature="navbarNavigation()[pri:0, instance:Academy.validateNavBar@44d52de2]" name="navbarNavigation" duration-ms="71" started-at="2021-07-16T13:39:50Z" finished-at="2021-07-16T13:39:50Z">
          <reporter-output>
          </reporter-output>
        </test-method> <!-- navbarNavigation -->
        <test-method status="PASS" signature="teardown()[pri:0, instance:Academy.validateNavBar@44d52de2]" name="teardown" is-config="true" duration-ms="85" started-at="2021-07-16T13:39:50Z" finished-at="2021-07-16T13:39:50Z">
          <reporter-output>
          </reporter-output>
        </test-method> <!-- teardown -->
      </class> <!-- Academy.validateNavBar -->
    </test> <!-- Validating Nav Bar -->
    <test name="Validating title in page" duration-ms="11769" started-at="2021-07-16T16:39:39Z" finished-at="2021-07-16T16:39:50Z">
      <class name="Academy.validateTitle">
        <test-method status="PASS" signature="initialize()[pri:0, instance:Academy.validateTitle@7d9e8ef7]" name="initialize" is-config="true" duration-ms="11591" started-at="2021-07-16T13:39:39Z" finished-at="2021-07-16T13:39:50Z">
          <reporter-output>
          </reporter-output>
        </test-method> <!-- initialize -->
        <test-method status="PASS" signature="headerNavigation()[pri:0, instance:Academy.validateTitle@7d9e8ef7]" name="headerNavigation" duration-ms="34" started-at="2021-07-16T13:39:50Z" finished-at="2021-07-16T13:39:50Z">
          <reporter-output>
          </reporter-output>
        </test-method> <!-- headerNavigation -->
        <test-method status="FAIL" signature="titleNavigation()[pri:0, instance:Academy.validateTitle@7d9e8ef7]" name="titleNavigation" duration-ms="29" started-at="2021-07-16T13:39:50Z" finished-at="2021-07-16T13:39:50Z">
          <exception class="java.lang.AssertionError">
            <message>
              <![CDATA[expected [Featured Courses222] but found [Featured Courses]]]>
            </message>
            <full-stacktrace>
              <![CDATA[java.lang.AssertionError: expected [Featured Courses222] but found [Featured Courses]
	at org.testng.Assert.fail(Assert.java:94)
	at org.testng.Assert.failNotEquals(Assert.java:494)
	at org.testng.Assert.assertEquals(Assert.java:123)
	at org.testng.Assert.assertEquals(Assert.java:176)
	at org.testng.Assert.assertEquals(Assert.java:186)
	at Academy.validateTitle.titleNavigation(validateTitle.java:34)
	at sun.reflect.NativeMethodAccessorImpl.invoke0(Native Method)
	at sun.reflect.NativeMethodAccessorImpl.invoke(Unknown Source)
	at sun.reflect.DelegatingMethodAccessorImpl.invoke(Unknown Source)
	at java.lang.reflect.Method.invoke(Unknown Source)
	at org.testng.internal.MethodInvocationHelper.invokeMethod(MethodInvocationHelper.java:80)
	at org.testng.internal.Invoker.invokeMethod(Invoker.java:714)
	at org.testng.internal.Invoker.invokeTestMethod(Invoker.java:901)
	at org.testng.internal.Invoker.invokeTestMethods(Invoker.java:1231)
	at org.testng.internal.TestMethodWorker.invokeTestMethods(TestMethodWorker.java:127)
	at org.testng.internal.TestMethodWorker.run(TestMethodWorker.java:111)
	at org.testng.TestRunner.privateRun(TestRunner.java:767)
	at org.testng.TestRunner.run(TestRunner.java:617)
	at org.testng.SuiteRunner.runTest(SuiteRunner.java:334)
	at org.testng.SuiteRunner.access$000(SuiteRunner.java:37)
	at org.testng.SuiteRunner$SuiteWorker.run(SuiteRunner.java:368)
	at org.testng.internal.thread.ThreadUtil$2.call(ThreadUtil.java:64)
	at java.util.concurrent.FutureTask.run(Unknown Source)
	at java.util.concurrent.ThreadPoolExecutor.runWorker(Unknown Source)
	at java.util.concurrent.ThreadPoolExecutor$Worker.run(Unknown Source)
	at java.lang.Thread.run(Unknown Source)
]]>
            </full-stacktrace>
          </exception> <!-- java.lang.AssertionError -->
          <reporter-output>
          </reporter-output>
        </test-method> <!-- titleNavigation -->
        <test-method status="PASS" signature="teardown()[pri:0, instance:Academy.validateTitle@7d9e8ef7]" name="teardown" is-config="true" duration-ms="53" started-at="2021-07-16T13:39:50Z" finished-at="2021-07-16T13:39:50Z">
          <reporter-output>
          </reporter-output>
        </test-method> <!-- teardown -->
      </class> <!-- Academy.validateTitle -->
    </test> <!-- Validating title in page -->
    <test name="Validating User Login" duration-ms="17522" started-at="2021-07-16T16:39:39Z" finished-at="2021-07-16T16:39:56Z">
      <class name="Academy.homePage">
        <test-method status="PASS" signature="initialize()[pri:0, instance:Academy.homePage@7c214cc0]" name="initialize" is-config="true" duration-ms="11827" started-at="2021-07-16T13:39:39Z" finished-at="2021-07-16T13:39:50Z">
          <reporter-output>
          </reporter-output>
        </test-method> <!-- initialize -->
        <test-method status="PASS" signature="basepageNavigation(java.lang.String, java.lang.String, java.lang.String)[pri:0, instance:Academy.homePage@7c214cc0]" name="basepageNavigation" duration-ms="5651" started-at="2021-07-16T13:39:50Z" data-provider="getData" finished-at="2021-07-16T13:39:56Z">
          <params>
            <param index="0">
              <value>
                <![CDATA[gaston@gmail.com]]>
              </value>
            </param>
            <param index="1">
              <value>
                <![CDATA[gaston]]>
              </value>
            </param>
            <param index="2">
              <value>
                <![CDATA[Restricet User]]>
              </value>
            </param>
          </params>
          <reporter-output>
          </reporter-output>
        </test-method> <!-- basepageNavigation -->
        <test-method status="PASS" signature="teardown()[pri:0, instance:Academy.homePage@7c214cc0]" name="teardown" is-config="true" duration-ms="42" started-at="2021-07-16T13:39:56Z" finished-at="2021-07-16T13:39:56Z">
          <reporter-output>
          </reporter-output>
        </test-method> <!-- teardown -->
      </class> <!-- Academy.homePage -->
    </test> <!-- Validating User Login -->
  </suite> <!-- Suite -->
</testng-results>
